[debug] [2023-09-13T11:38:39.038Z] ----------------------------------------------------------------------
[debug] [2023-09-13T11:38:39.040Z] Command:       C:\Program Files\nodejs\node.exe C:\Users\seema\AppData\Roaming\npm\node_modules\firebase-tools\lib\bin\firebase.js init
[debug] [2023-09-13T11:38:39.041Z] CLI Version:   12.5.4
[debug] [2023-09-13T11:38:39.041Z] Platform:      win32
[debug] [2023-09-13T11:38:39.041Z] Node Version:  v18.17.1
[debug] [2023-09-13T11:38:39.042Z] Time:          Wed Sep 13 2023 17:08:39 GMT+0530 (India Standard Time)
[debug] [2023-09-13T11:38:39.043Z] ----------------------------------------------------------------------
[debug] 
[debug] [2023-09-13T11:38:39.135Z] Object ".hosting.rewrites[0]" in "firebase.json" has unknown property: {"additionalProperty":"source"}
[debug] [2023-09-13T11:38:39.136Z] Object ".hosting.rewrites[0]" in "firebase.json" has unknown property: {"additionalProperty":"source"}
[debug] [2023-09-13T11:38:39.136Z] Object ".hosting.rewrites[0]" in "firebase.json" has unknown property: {"additionalProperty":"source"}
[debug] [2023-09-13T11:38:39.136Z] Object ".hosting.rewrites[0]" in "firebase.json" has unknown property: {"additionalProperty":"source"}
[debug] [2023-09-13T11:38:39.137Z] Object ".hosting.rewrites[0]" in "firebase.json" has unknown property: {"additionalProperty":"source"}
[debug] [2023-09-13T11:38:39.137Z] Object ".hosting.rewrites[0]" in "firebase.json" has unknown property: {"additionalProperty":"pinTag"}
[debug] [2023-09-13T11:38:39.137Z] Object ".hosting.rewrites[0]" in "firebase.json" has unknown property: {"additionalProperty":"destination"}
[debug] [2023-09-13T11:38:39.137Z] Object ".hosting.rewrites[0]" in "firebase.json" has unknown property: {"additionalProperty":"destination"}
[debug] [2023-09-13T11:38:39.137Z] Object ".hosting.rewrites[0]" in "firebase.json" has unknown property: {"additionalProperty":"destination"}
[debug] [2023-09-13T11:38:39.137Z] Object ".hosting.rewrites[0]" in "firebase.json" has unknown property: {"additionalProperty":"destination"}
[debug] [2023-09-13T11:38:39.137Z] Object ".hosting.rewrites[0]" in "firebase.json" has unknown property: {"additionalProperty":"source"}
[debug] [2023-09-13T11:38:39.137Z] Object ".hosting.rewrites[0]" in "firebase.json" has unknown property: {"additionalProperty":"source"}
[debug] [2023-09-13T11:38:39.137Z] Object ".hosting.rewrites[0]" in "firebase.json" has unknown property: {"additionalProperty":"source"}
[debug] [2023-09-13T11:38:39.137Z] Object ".hosting.rewrites[0]" in "firebase.json" has unknown property: {"additionalProperty":"source"}
[debug] [2023-09-13T11:38:39.137Z] Object ".hosting.rewrites[0]" in "firebase.json" has unknown property: {"additionalProperty":"source"}
[debug] [2023-09-13T11:38:39.137Z] Field ".hosting.rewrites[0]" in "firebase.json" is possibly invalid: should match some schema in anyOf
[debug] [2023-09-13T11:38:39.137Z] Field ".hosting" in "firebase.json" is possibly invalid: should be array
[debug] [2023-09-13T11:38:39.137Z] Field ".hosting" in "firebase.json" is possibly invalid: should match some schema in anyOf
[debug] [2023-09-13T11:38:39.141Z] > command requires scopes: ["email","openid","https://www.googleapis.com/auth/cloudplatformprojects.readonly","https://www.googleapis.com/auth/firebase","https://www.googleapis.com/auth/cloud-platform"]
[debug] [2023-09-13T11:38:39.141Z] > authorizing via signed-in user (seemadhamiwal2001@gmail.com)
[debug] [2023-09-13T11:38:39.142Z] Object ".hosting.rewrites[0]" in "firebase.json" has unknown property: {"additionalProperty":"source"}
[debug] [2023-09-13T11:38:39.142Z] Object ".hosting.rewrites[0]" in "firebase.json" has unknown property: {"additionalProperty":"source"}
[debug] [2023-09-13T11:38:39.142Z] Object ".hosting.rewrites[0]" in "firebase.json" has unknown property: {"additionalProperty":"source"}
[debug] [2023-09-13T11:38:39.142Z] Object ".hosting.rewrites[0]" in "firebase.json" has unknown property: {"additionalProperty":"source"}
[debug] [2023-09-13T11:38:39.142Z] Object ".hosting.rewrites[0]" in "firebase.json" has unknown property: {"additionalProperty":"source"}
[debug] [2023-09-13T11:38:39.142Z] Object ".hosting.rewrites[0]" in "firebase.json" has unknown property: {"additionalProperty":"pinTag"}
[debug] [2023-09-13T11:38:39.142Z] Object ".hosting.rewrites[0]" in "firebase.json" has unknown property: {"additionalProperty":"destination"}
[debug] [2023-09-13T11:38:39.142Z] Object ".hosting.rewrites[0]" in "firebase.json" has unknown property: {"additionalProperty":"destination"}
[debug] [2023-09-13T11:38:39.142Z] Object ".hosting.rewrites[0]" in "firebase.json" has unknown property: {"additionalProperty":"destination"}
[debug] [2023-09-13T11:38:39.142Z] Object ".hosting.rewrites[0]" in "firebase.json" has unknown property: {"additionalProperty":"destination"}
[debug] [2023-09-13T11:38:39.142Z] Object ".hosting.rewrites[0]" in "firebase.json" has unknown property: {"additionalProperty":"source"}
[debug] [2023-09-13T11:38:39.142Z] Object ".hosting.rewrites[0]" in "firebase.json" has unknown property: {"additionalProperty":"source"}
[debug] [2023-09-13T11:38:39.142Z] Object ".hosting.rewrites[0]" in "firebase.json" has unknown property: {"additionalProperty":"source"}
[debug] [2023-09-13T11:38:39.142Z] Object ".hosting.rewrites[0]" in "firebase.json" has unknown property: {"additionalProperty":"source"}
[debug] [2023-09-13T11:38:39.142Z] Object ".hosting.rewrites[0]" in "firebase.json" has unknown property: {"additionalProperty":"source"}
[debug] [2023-09-13T11:38:39.143Z] Field ".hosting.rewrites[0]" in "firebase.json" is possibly invalid: should match some schema in anyOf
[debug] [2023-09-13T11:38:39.143Z] Field ".hosting" in "firebase.json" is possibly invalid: should be array
[debug] [2023-09-13T11:38:39.143Z] Field ".hosting" in "firebase.json" is possibly invalid: should match some schema in anyOf
[info] 
     ######## #### ########  ######## ########     ###     ######  ########
     ##        ##  ##     ## ##       ##     ##  ##   ##  ##       ##
     ######    ##  ########  ######   ########  #########  ######  ######
     ##        ##  ##    ##  ##       ##     ## ##     ##       ## ##
     ##       #### ##     ## ######## ########  ##     ##  ######  ########

You're about to initialize a Firebase project in this directory:

  C:\Users\seema\OneDrive\Desktop\AOC\full_stack_blog\my-blog-backend

Before we get started, keep in mind:

  * You are initializing within an existing Firebase project directory

